2024-09-14 20:40:04,848 - INFO - Connected to database successfully
2024-09-14 20:40:04,848 - INFO - Creating table: dim_disaster_groups
2024-09-14 20:40:04,849 - INFO - Table dim_disaster_groups created successfully.
2024-09-14 20:40:04,849 - INFO - Creating table: dim_disaster_types
2024-09-14 20:40:04,849 - INFO - Table dim_disaster_types created successfully.
2024-09-14 20:40:04,849 - INFO - Creating table: dim_disaster_names
2024-09-14 20:40:04,849 - INFO - Table dim_disaster_names created successfully.
2024-09-14 20:40:04,849 - INFO - Creating table: dim_locations
2024-09-14 20:40:04,850 - INFO - Table dim_locations created successfully.
2024-09-14 20:40:04,850 - INFO - Creating table: dim_dates
2024-09-14 20:40:04,850 - INFO - Table dim_dates created successfully.
2024-09-14 20:40:04,860 - INFO - Creating table: dim_associated_distructions
2024-09-14 20:40:04,860 - INFO - Table dim_associated_distructions created successfully.
2024-09-14 20:40:04,860 - INFO - Creating table: dim_ofda_responses
2024-09-14 20:40:04,860 - INFO - Table dim_ofda_responses created successfully.
2024-09-14 20:40:04,860 - INFO - Creating table: dim_appeals
2024-09-14 20:40:04,860 - INFO - Table dim_appeals created successfully.
2024-09-14 20:40:04,860 - INFO - Creating table: dim_declarations
2024-09-14 20:40:04,860 - INFO - Table dim_declarations created successfully.
2024-09-14 20:40:04,860 - INFO - Creating table: dim_mag_scales
2024-09-14 20:40:04,860 - INFO - Table dim_mag_scales created successfully.
2024-09-14 20:40:04,861 - INFO - Creating table: dim_adm_levels
2024-09-14 20:40:04,861 - INFO - Table dim_adm_levels created successfully.
2024-09-14 20:40:04,861 - INFO - Creating table: fact_disasters
2024-09-14 20:40:04,861 - INFO - Table fact_disasters created successfully.
2024-09-14 20:40:04,861 - INFO - All tables created successfully.
2024-09-14 20:40:04,894 - INFO - Connected to database successfully
2024-09-14 20:40:05,137 - INFO - Data fetched successfully for query: --sql
                     SELECT * FROM staging_disasters;
2024-09-14 21:09:38,278 - INFO - Starting extraction process...
2024-09-14 21:09:38,311 - INFO - Connected to database successfully
2024-09-14 21:09:38,316 - INFO - Extracted columns from CSV file C:\Users\Legion\Desktop\official_data\1900_2021_DISASTERS.csv successfully
2024-09-14 21:09:38,316 - INFO - Created staging table staging_disasters successfully
2024-09-14 21:09:38,412 - INFO - Data loaded into staging table staging_disasters successfully
2024-09-14 21:09:38,420 - INFO - Extraction completed successfully.
2024-09-14 21:09:38,420 - INFO - Starting transformation process...
2024-09-14 21:09:38,420 - ERROR - Error fetching data: Using URI string without sqlalchemy installed.
2024-09-14 21:09:38,420 - ERROR - Error occurred: 'str' object has no attribute 'close'
2024-09-14 21:10:24,141 - INFO - Starting extraction process...
2024-09-14 21:10:24,180 - INFO - Connected to database successfully
2024-09-14 21:10:24,180 - INFO - Extracted columns from CSV file C:\Users\Legion\Desktop\official_data\1900_2021_DISASTERS.csv successfully
2024-09-14 21:10:24,180 - INFO - Created staging table staging_disasters successfully
2024-09-14 21:10:24,277 - INFO - Data loaded into staging table staging_disasters successfully
2024-09-14 21:10:24,287 - INFO - Extraction completed successfully.
2024-09-14 21:10:24,287 - INFO - Starting transformation process...
2024-09-14 21:10:24,287 - ERROR - Error fetching data: Using URI string without sqlalchemy installed.
2024-09-14 21:10:24,287 - ERROR - Error occurred: 'str' object has no attribute 'close'
2024-09-14 21:10:48,669 - INFO - Starting extraction process...
2024-09-14 21:10:48,711 - INFO - Connected to database successfully
2024-09-14 21:10:48,711 - INFO - Extracted columns from CSV file C:\Users\Legion\Desktop\official_data\1900_2021_DISASTERS.csv successfully
2024-09-14 21:10:48,712 - INFO - Created staging table staging_disasters successfully
2024-09-14 21:10:48,802 - INFO - Data loaded into staging table staging_disasters successfully
2024-09-14 21:10:48,811 - INFO - Extraction completed successfully.
2024-09-14 21:10:48,811 - INFO - Starting transformation process...
2024-09-14 21:10:48,811 - ERROR - Error fetching data: Using URI string without sqlalchemy installed.
2024-09-14 21:10:48,811 - ERROR - Error occurred: 'str' object has no attribute 'close'
2024-09-14 21:12:28,664 - INFO - Connected to database successfully
2024-09-14 21:12:28,664 - INFO - Extracted columns from CSV file C:\Users\Legion\Desktop\official_data\1900_2021_DISASTERS.csv successfully
2024-09-14 21:12:28,668 - INFO - Created staging table staging_disasters successfully
2024-09-14 21:12:28,760 - INFO - Data loaded into staging table staging_disasters successfully
2024-09-14 21:12:28,769 - ERROR - Error fetching data: Using URI string without sqlalchemy installed.
2024-09-14 21:13:05,278 - INFO - Connected to database successfully
2024-09-14 21:13:05,278 - INFO - Extracted columns from CSV file C:\Users\Legion\Desktop\official_data\1900_2021_DISASTERS.csv successfully
2024-09-14 21:13:05,284 - INFO - Created staging table staging_disasters successfully
2024-09-14 21:13:05,377 - INFO - Data loaded into staging table staging_disasters successfully
2024-09-14 21:13:05,377 - ERROR - Error fetching data: Using URI string without sqlalchemy installed.
